[2025-10-21T00:39:30.394+0000] {taskinstance.py:1083} INFO - Dependencies all met for <TaskInstance: harshitha_lab3_kmeans_live.compute_sse_and_silhouette manual__2025-10-21T00:39:22.675751+00:00 [queued]>
[2025-10-21T00:39:30.399+0000] {taskinstance.py:1083} INFO - Dependencies all met for <TaskInstance: harshitha_lab3_kmeans_live.compute_sse_and_silhouette manual__2025-10-21T00:39:22.675751+00:00 [queued]>
[2025-10-21T00:39:30.399+0000] {taskinstance.py:1279} INFO - 
--------------------------------------------------------------------------------
[2025-10-21T00:39:30.399+0000] {taskinstance.py:1280} INFO - Starting attempt 1 of 1
[2025-10-21T00:39:30.399+0000] {taskinstance.py:1281} INFO - 
--------------------------------------------------------------------------------
[2025-10-21T00:39:30.408+0000] {taskinstance.py:1300} INFO - Executing <Task(PythonOperator): compute_sse_and_silhouette> on 2025-10-21 00:39:22.675751+00:00
[2025-10-21T00:39:30.417+0000] {standard_task_runner.py:55} INFO - Started process 1778 to run task
[2025-10-21T00:39:30.420+0000] {standard_task_runner.py:82} INFO - Running: ['***', 'tasks', 'run', 'harshitha_lab3_kmeans_live', 'compute_sse_and_silhouette', 'manual__2025-10-21T00:39:22.675751+00:00', '--job-id', '8', '--raw', '--subdir', 'DAGS_FOLDER/***_lab3_live.py', '--cfg-path', '/tmp/tmpus53or7b']
[2025-10-21T00:39:30.423+0000] {standard_task_runner.py:83} INFO - Job 8: Subtask compute_sse_and_silhouette
[2025-10-21T00:39:30.469+0000] {task_command.py:388} INFO - Running <TaskInstance: harshitha_lab3_kmeans_live.compute_sse_and_silhouette manual__2025-10-21T00:39:22.675751+00:00 [running]> on host dadf5dcd63e0
[2025-10-21T00:39:30.538+0000] {taskinstance.py:1509} INFO - Exporting the following env vars:
AIRFLOW_CTX_DAG_OWNER=harshitha
AIRFLOW_CTX_DAG_ID=harshitha_lab3_kmeans_live
AIRFLOW_CTX_TASK_ID=compute_sse_and_silhouette
AIRFLOW_CTX_EXECUTION_DATE=2025-10-21T00:39:22.675751+00:00
AIRFLOW_CTX_TRY_NUMBER=1
AIRFLOW_CTX_DAG_RUN_ID=manual__2025-10-21T00:39:22.675751+00:00
[2025-10-21T00:39:52.853+0000] {python.py:177} INFO - Done. Returned value was: {'ks': [2, 3, 4, 5, 6, 7, 8, 9, 10], 'sse': [41969.85321973043, 31615.226740458267, 26106.360132452624, 23586.15993033965, 20666.27752039449, 18388.492842528834, 16570.34889096739, 15420.755899665095, 14546.19872314647], 'silhouette': [0.7442603239481471, 0.703096371889165, 0.6933934236392051, 0.6858747555469136, 0.6954647163578505, 0.7052143322464606, 0.6953510151935449, 0.591526949745106, 0.599704107811628], 'tmp_model_path': '/opt/***/working_data/model_tmp.pkl'}
[2025-10-21T00:39:52.973+0000] {taskinstance.py:1323} INFO - Marking task as SUCCESS. dag_id=harshitha_lab3_kmeans_live, task_id=compute_sse_and_silhouette, execution_date=20251021T003922, start_date=20251021T003930, end_date=20251021T003952
[2025-10-21T00:39:53.067+0000] {local_task_job.py:208} INFO - Task exited with return code 0
[2025-10-21T00:39:53.129+0000] {taskinstance.py:2578} INFO - 1 downstream tasks scheduled from follow-on schedule check
