[2025-10-21T00:16:06.028+0000] {manager.py:483} INFO - Processing files using up to 2 processes at a time 
[2025-10-21T00:16:06.038+0000] {manager.py:484} INFO - Process each file at most once every 30 seconds
[2025-10-21T00:16:06.039+0000] {manager.py:486} INFO - Checking for new files in /opt/airflow/dags every 300 seconds
[2025-10-21T00:16:06.040+0000] {manager.py:726} INFO - Searching for files in /opt/airflow/dags
[2025-10-21T00:16:06.054+0000] {manager.py:729} INFO - There are 1 files in /opt/airflow/dags
[2025-10-21T00:16:06.182+0000] {manager.py:854} INFO - 
================================================================================
DAG File Processing Stats

File Path                                 PID  Runtime      # DAGs    # Errors  Last Runtime    Last Run
--------------------------------------  -----  ---------  --------  ----------  --------------  ----------
/opt/airflow/dags/airflow_lab3_live.py     70  0.06s             0           0
================================================================================
[2025-10-21T00:16:36.758+0000] {manager.py:854} INFO - 
================================================================================
DAG File Processing Stats

File Path                                 PID  Runtime      # DAGs    # Errors  Last Runtime    Last Run
--------------------------------------  -----  ---------  --------  ----------  --------------  -------------------
/opt/airflow/dags/airflow_lab3_live.py     99  0.04s             0           1  0.09s           2025-10-21T00:16:06
================================================================================
[2025-10-21T00:17:07.258+0000] {manager.py:854} INFO - 
================================================================================
DAG File Processing Stats

File Path                                 PID  Runtime      # DAGs    # Errors  Last Runtime    Last Run
--------------------------------------  -----  ---------  --------  ----------  --------------  -------------------
/opt/airflow/dags/airflow_lab3_live.py    142  0.03s             0           1  0.15s           2025-10-21T00:16:36
================================================================================
[2025-10-21T00:17:38.251+0000] {manager.py:854} INFO - 
================================================================================
DAG File Processing Stats

File Path                                 PID  Runtime      # DAGs    # Errors  Last Runtime    Last Run
--------------------------------------  -----  ---------  --------  ----------  --------------  -------------------
/opt/airflow/dags/airflow_lab3_live.py    171  0.06s             0           1  0.13s           2025-10-21T00:17:07
================================================================================
[2025-10-21T00:18:08.901+0000] {manager.py:854} INFO - 
================================================================================
DAG File Processing Stats

File Path                                 PID  Runtime      # DAGs    # Errors  Last Runtime    Last Run
--------------------------------------  -----  ---------  --------  ----------  --------------  -------------------
/opt/airflow/dags/airflow_lab3_live.py    214  0.04s             0           1  0.15s           2025-10-21T00:17:38
================================================================================
[2025-10-21T00:18:39.304+0000] {manager.py:854} INFO - 
================================================================================
DAG File Processing Stats

File Path                                 PID  Runtime      # DAGs    # Errors  Last Runtime    Last Run
--------------------------------------  -----  ---------  --------  ----------  --------------  -------------------
/opt/airflow/dags/airflow_lab3_live.py    243  0.02s             0           1  0.09s           2025-10-21T00:18:08
================================================================================
[2025-10-21T00:19:09.761+0000] {manager.py:854} INFO - 
================================================================================
DAG File Processing Stats

File Path                                 PID  Runtime      # DAGs    # Errors  Last Runtime    Last Run
--------------------------------------  -----  ---------  --------  ----------  --------------  -------------------
/opt/airflow/dags/airflow_lab3_live.py    286  0.02s             0           1  0.09s           2025-10-21T00:18:39
================================================================================
[2025-10-21T00:19:40.659+0000] {manager.py:854} INFO - 
================================================================================
DAG File Processing Stats

File Path                                 PID  Runtime      # DAGs    # Errors  Last Runtime    Last Run
--------------------------------------  -----  ---------  --------  ----------  --------------  -------------------
/opt/airflow/dags/airflow_lab3_live.py    315  0.05s             0           1  0.14s           2025-10-21T00:19:09
================================================================================
[2025-10-21T00:20:11.377+0000] {manager.py:854} INFO - 
================================================================================
DAG File Processing Stats

File Path                                 PID  Runtime      # DAGs    # Errors  Last Runtime    Last Run
--------------------------------------  -----  ---------  --------  ----------  --------------  -------------------
/opt/airflow/dags/airflow_lab3_live.py    358  0.01s             0           1  0.23s           2025-10-21T00:19:40
================================================================================
[2025-10-21T00:20:41.904+0000] {manager.py:854} INFO - 
================================================================================
DAG File Processing Stats

File Path                                 PID  Runtime      # DAGs    # Errors  Last Runtime    Last Run
--------------------------------------  -----  ---------  --------  ----------  --------------  -------------------
/opt/airflow/dags/airflow_lab3_live.py    387  0.01s             0           1  0.16s           2025-10-21T00:20:11
================================================================================
[2025-10-21T00:21:06.185+0000] {manager.py:726} INFO - Searching for files in /opt/airflow/dags
[2025-10-21T00:21:06.195+0000] {manager.py:729} INFO - There are 1 files in /opt/airflow/dags
[2025-10-21T00:21:12.322+0000] {manager.py:854} INFO - 
================================================================================
DAG File Processing Stats

File Path                                 PID  Runtime      # DAGs    # Errors  Last Runtime    Last Run
--------------------------------------  -----  ---------  --------  ----------  --------------  -------------------
/opt/airflow/dags/airflow_lab3_live.py    430  0.03s             0           1  0.07s           2025-10-21T00:20:41
================================================================================
[2025-10-21T00:21:42.814+0000] {manager.py:854} INFO - 
================================================================================
DAG File Processing Stats

File Path                               PID    Runtime      # DAGs    # Errors  Last Runtime    Last Run
--------------------------------------  -----  ---------  --------  ----------  --------------  -------------------
/opt/airflow/dags/airflow_lab3_live.py                           1           0  0.95s           2025-10-21T00:21:35
================================================================================
[2025-10-21T00:22:13.010+0000] {manager.py:854} INFO - 
================================================================================
DAG File Processing Stats

File Path                               PID    Runtime      # DAGs    # Errors  Last Runtime    Last Run
--------------------------------------  -----  ---------  --------  ----------  --------------  -------------------
/opt/airflow/dags/airflow_lab3_live.py                           1           0  0.65s           2025-10-21T00:22:06
================================================================================
[2025-10-21T00:22:43.382+0000] {manager.py:854} INFO - 
================================================================================
DAG File Processing Stats

File Path                               PID    Runtime      # DAGs    # Errors  Last Runtime    Last Run
--------------------------------------  -----  ---------  --------  ----------  --------------  -------------------
/opt/airflow/dags/airflow_lab3_live.py                           1           0  1.09s           2025-10-21T00:22:38
================================================================================
[2025-10-21T00:23:13.801+0000] {manager.py:854} INFO - 
================================================================================
DAG File Processing Stats

File Path                               PID    Runtime      # DAGs    # Errors  Last Runtime    Last Run
--------------------------------------  -----  ---------  --------  ----------  --------------  -------------------
/opt/airflow/dags/airflow_lab3_live.py                           1           0  1.07s           2025-10-21T00:23:09
================================================================================
[2025-10-21T00:23:44.120+0000] {manager.py:854} INFO - 
================================================================================
DAG File Processing Stats

File Path                               PID    Runtime      # DAGs    # Errors  Last Runtime    Last Run
--------------------------------------  -----  ---------  --------  ----------  --------------  -------------------
/opt/airflow/dags/airflow_lab3_live.py                           1           0  0.75s           2025-10-21T00:23:41
================================================================================
[2025-10-21T00:24:14.891+0000] {manager.py:854} INFO - 
================================================================================
DAG File Processing Stats

File Path                               PID    Runtime      # DAGs    # Errors  Last Runtime    Last Run
--------------------------------------  -----  ---------  --------  ----------  --------------  -------------------
/opt/airflow/dags/airflow_lab3_live.py                           1           0  1.06s           2025-10-21T00:24:12
================================================================================
[2025-10-21T00:24:44.900+0000] {manager.py:854} INFO - 
================================================================================
DAG File Processing Stats

File Path                               PID    Runtime      # DAGs    # Errors  Last Runtime    Last Run
--------------------------------------  -----  ---------  --------  ----------  --------------  -------------------
/opt/airflow/dags/airflow_lab3_live.py                           1           0  0.69s           2025-10-21T00:24:43
================================================================================
[2025-10-21T00:25:15.449+0000] {manager.py:854} INFO - 
================================================================================
DAG File Processing Stats

File Path                               PID    Runtime      # DAGs    # Errors  Last Runtime    Last Run
--------------------------------------  -----  ---------  --------  ----------  --------------  -------------------
/opt/airflow/dags/airflow_lab3_live.py                           1           0  0.71s           2025-10-21T00:25:14
================================================================================
[2025-10-21T00:25:45.784+0000] {manager.py:854} INFO - 
================================================================================
DAG File Processing Stats

File Path                                 PID  Runtime      # DAGs    # Errors  Last Runtime    Last Run
--------------------------------------  -----  ---------  --------  ----------  --------------  -------------------
/opt/airflow/dags/airflow_lab3_live.py    771  0.59s             1           0  0.71s           2025-10-21T00:25:14
================================================================================
[2025-10-21T00:26:06.999+0000] {manager.py:726} INFO - Searching for files in /opt/airflow/dags
[2025-10-21T00:26:07.008+0000] {manager.py:729} INFO - There are 1 files in /opt/airflow/dags
[2025-10-21T00:26:16.183+0000] {manager.py:854} INFO - 
================================================================================
DAG File Processing Stats

File Path                                 PID  Runtime      # DAGs    # Errors  Last Runtime    Last Run
--------------------------------------  -----  ---------  --------  ----------  --------------  -------------------
/opt/airflow/dags/airflow_lab3_live.py    800  0.01s             1           0  0.71s           2025-10-21T00:25:45
================================================================================
[2025-10-21T00:26:46.560+0000] {manager.py:854} INFO - 
================================================================================
DAG File Processing Stats

File Path                               PID    Runtime      # DAGs    # Errors  Last Runtime    Last Run
--------------------------------------  -----  ---------  --------  ----------  --------------  -------------------
/opt/airflow/dags/airflow_lab3_live.py                           1           0  2.07s           2025-10-21T00:26:18
================================================================================
[2025-10-21T00:27:17.121+0000] {manager.py:854} INFO - 
================================================================================
DAG File Processing Stats

File Path                               PID    Runtime      # DAGs    # Errors  Last Runtime    Last Run
--------------------------------------  -----  ---------  --------  ----------  --------------  -------------------
/opt/airflow/dags/airflow_lab3_live.py                           1           0  0.95s           2025-10-21T00:26:49
================================================================================
[2025-10-21T00:27:47.640+0000] {manager.py:854} INFO - 
================================================================================
DAG File Processing Stats

File Path                               PID    Runtime      # DAGs    # Errors  Last Runtime    Last Run
--------------------------------------  -----  ---------  --------  ----------  --------------  -------------------
/opt/airflow/dags/airflow_lab3_live.py                           1           0  0.95s           2025-10-21T00:27:21
================================================================================
[2025-10-21T00:28:18.209+0000] {manager.py:854} INFO - 
================================================================================
DAG File Processing Stats

File Path                               PID    Runtime      # DAGs    # Errors  Last Runtime    Last Run
--------------------------------------  -----  ---------  --------  ----------  --------------  -------------------
/opt/airflow/dags/airflow_lab3_live.py                           1           0  1.18s           2025-10-21T00:27:52
================================================================================
[2025-10-21T00:28:48.426+0000] {manager.py:854} INFO - 
================================================================================
DAG File Processing Stats

File Path                               PID    Runtime      # DAGs    # Errors  Last Runtime    Last Run
--------------------------------------  -----  ---------  --------  ----------  --------------  -------------------
/opt/airflow/dags/airflow_lab3_live.py                           1           0  0.78s           2025-10-21T00:28:24
================================================================================
[2025-10-21T00:29:19.024+0000] {manager.py:854} INFO - 
================================================================================
DAG File Processing Stats

File Path                               PID    Runtime      # DAGs    # Errors  Last Runtime    Last Run
--------------------------------------  -----  ---------  --------  ----------  --------------  -------------------
/opt/airflow/dags/airflow_lab3_live.py                           1           0  1.03s           2025-10-21T00:28:55
================================================================================
[2025-10-21T00:29:49.088+0000] {manager.py:854} INFO - 
================================================================================
DAG File Processing Stats

File Path                               PID    Runtime      # DAGs    # Errors  Last Runtime    Last Run
--------------------------------------  -----  ---------  --------  ----------  --------------  -------------------
/opt/airflow/dags/airflow_lab3_live.py                           1           0  0.76s           2025-10-21T00:29:26
================================================================================
[2025-10-21T00:30:19.135+0000] {manager.py:854} INFO - 
================================================================================
DAG File Processing Stats

File Path                               PID    Runtime      # DAGs    # Errors  Last Runtime    Last Run
--------------------------------------  -----  ---------  --------  ----------  --------------  -------------------
/opt/airflow/dags/airflow_lab3_live.py                           1           0  0.64s           2025-10-21T00:29:57
================================================================================
[2025-10-21T00:30:49.150+0000] {manager.py:854} INFO - 
================================================================================
DAG File Processing Stats

File Path                               PID    Runtime      # DAGs    # Errors  Last Runtime    Last Run
--------------------------------------  -----  ---------  --------  ----------  --------------  -------------------
/opt/airflow/dags/airflow_lab3_live.py                           1           0  0.75s           2025-10-21T00:30:28
================================================================================
[2025-10-21T00:31:07.025+0000] {manager.py:726} INFO - Searching for files in /opt/airflow/dags
[2025-10-21T00:31:07.035+0000] {manager.py:729} INFO - There are 1 files in /opt/airflow/dags
[2025-10-21T00:31:19.629+0000] {manager.py:854} INFO - 
================================================================================
DAG File Processing Stats

File Path                               PID    Runtime      # DAGs    # Errors  Last Runtime    Last Run
--------------------------------------  -----  ---------  --------  ----------  --------------  -------------------
/opt/airflow/dags/airflow_lab3_live.py                           1           0  0.75s           2025-10-21T00:30:59
================================================================================
[2025-10-21T00:31:50.187+0000] {manager.py:854} INFO - 
================================================================================
DAG File Processing Stats

File Path                               PID    Runtime      # DAGs    # Errors  Last Runtime    Last Run
--------------------------------------  -----  ---------  --------  ----------  --------------  -------------------
/opt/airflow/dags/airflow_lab3_live.py                           1           0  1.08s           2025-10-21T00:31:32
================================================================================
[2025-10-21T00:32:20.569+0000] {manager.py:854} INFO - 
================================================================================
DAG File Processing Stats

File Path                               PID    Runtime      # DAGs    # Errors  Last Runtime    Last Run
--------------------------------------  -----  ---------  --------  ----------  --------------  -------------------
/opt/airflow/dags/airflow_lab3_live.py                           1           0  0.96s           2025-10-21T00:32:03
================================================================================
[2025-10-21T00:32:50.819+0000] {manager.py:854} INFO - 
================================================================================
DAG File Processing Stats

File Path                               PID    Runtime      # DAGs    # Errors  Last Runtime    Last Run
--------------------------------------  -----  ---------  --------  ----------  --------------  -------------------
/opt/airflow/dags/airflow_lab3_live.py                           1           0  0.86s           2025-10-21T00:32:34
================================================================================
[2025-10-21T00:33:21.184+0000] {manager.py:854} INFO - 
================================================================================
DAG File Processing Stats

File Path                               PID    Runtime      # DAGs    # Errors  Last Runtime    Last Run
--------------------------------------  -----  ---------  --------  ----------  --------------  -------------------
/opt/airflow/dags/airflow_lab3_live.py                           1           0  0.98s           2025-10-21T00:33:05
================================================================================
[2025-10-21T00:33:51.239+0000] {manager.py:854} INFO - 
================================================================================
DAG File Processing Stats

File Path                               PID    Runtime      # DAGs    # Errors  Last Runtime    Last Run
--------------------------------------  -----  ---------  --------  ----------  --------------  -------------------
/opt/airflow/dags/airflow_lab3_live.py                           1           0  0.68s           2025-10-21T00:33:37
================================================================================
[2025-10-21T00:34:21.247+0000] {manager.py:854} INFO - 
================================================================================
DAG File Processing Stats

File Path                               PID    Runtime      # DAGs    # Errors  Last Runtime    Last Run
--------------------------------------  -----  ---------  --------  ----------  --------------  -------------------
/opt/airflow/dags/airflow_lab3_live.py                           1           0  0.68s           2025-10-21T00:34:08
================================================================================
[2025-10-21T00:34:51.341+0000] {manager.py:854} INFO - 
================================================================================
DAG File Processing Stats

File Path                               PID    Runtime      # DAGs    # Errors  Last Runtime    Last Run
--------------------------------------  -----  ---------  --------  ----------  --------------  -------------------
/opt/airflow/dags/airflow_lab3_live.py                           1           0  0.84s           2025-10-21T00:34:39
================================================================================
[2025-10-21T00:35:21.532+0000] {manager.py:854} INFO - 
================================================================================
DAG File Processing Stats

File Path                               PID    Runtime      # DAGs    # Errors  Last Runtime    Last Run
--------------------------------------  -----  ---------  --------  ----------  --------------  -------------------
/opt/airflow/dags/airflow_lab3_live.py                           1           0  0.76s           2025-10-21T00:35:10
================================================================================
[2025-10-21T00:35:52.077+0000] {manager.py:854} INFO - 
================================================================================
DAG File Processing Stats

File Path                               PID    Runtime      # DAGs    # Errors  Last Runtime    Last Run
--------------------------------------  -----  ---------  --------  ----------  --------------  -------------------
/opt/airflow/dags/airflow_lab3_live.py                           1           0  1.10s           2025-10-21T00:35:42
================================================================================
[2025-10-21T00:36:07.205+0000] {manager.py:726} INFO - Searching for files in /opt/airflow/dags
[2025-10-21T00:36:07.253+0000] {manager.py:729} INFO - There are 1 files in /opt/airflow/dags
[2025-10-21T00:36:22.711+0000] {manager.py:854} INFO - 
================================================================================
DAG File Processing Stats

File Path                               PID    Runtime      # DAGs    # Errors  Last Runtime    Last Run
--------------------------------------  -----  ---------  --------  ----------  --------------  -------------------
/opt/airflow/dags/airflow_lab3_live.py                           1           0  0.89s           2025-10-21T00:36:13
================================================================================
[2025-10-21T00:36:53.053+0000] {manager.py:854} INFO - 
================================================================================
DAG File Processing Stats

File Path                               PID    Runtime      # DAGs    # Errors  Last Runtime    Last Run
--------------------------------------  -----  ---------  --------  ----------  --------------  -------------------
/opt/airflow/dags/airflow_lab3_live.py                           1           0  1.86s           2025-10-21T00:36:45
================================================================================
[2025-10-21T00:37:23.510+0000] {manager.py:854} INFO - 
================================================================================
DAG File Processing Stats

File Path                               PID    Runtime      # DAGs    # Errors  Last Runtime    Last Run
--------------------------------------  -----  ---------  --------  ----------  --------------  -------------------
/opt/airflow/dags/airflow_lab3_live.py                           1           0  1.18s           2025-10-21T00:37:17
================================================================================
[2025-10-21T00:37:53.595+0000] {manager.py:854} INFO - 
================================================================================
DAG File Processing Stats

File Path                               PID    Runtime      # DAGs    # Errors  Last Runtime    Last Run
--------------------------------------  -----  ---------  --------  ----------  --------------  -------------------
/opt/airflow/dags/airflow_lab3_live.py                           1           0  0.70s           2025-10-21T00:37:48
================================================================================
[2025-10-21T00:38:24.175+0000] {manager.py:854} INFO - 
================================================================================
DAG File Processing Stats

File Path                               PID    Runtime      # DAGs    # Errors  Last Runtime    Last Run
--------------------------------------  -----  ---------  --------  ----------  --------------  -------------------
/opt/airflow/dags/airflow_lab3_live.py                           1           0  1.13s           2025-10-21T00:38:20
================================================================================
[2025-10-21T00:38:54.547+0000] {manager.py:854} INFO - 
================================================================================
DAG File Processing Stats

File Path                               PID    Runtime      # DAGs    # Errors  Last Runtime    Last Run
--------------------------------------  -----  ---------  --------  ----------  --------------  -------------------
/opt/airflow/dags/airflow_lab3_live.py                           1           0  0.97s           2025-10-21T00:38:51
================================================================================
[2025-10-21T00:39:24.579+0000] {manager.py:854} INFO - 
================================================================================
DAG File Processing Stats

File Path                                 PID  Runtime      # DAGs    # Errors  Last Runtime    Last Run
--------------------------------------  -----  ---------  --------  ----------  --------------  -------------------
/opt/airflow/dags/airflow_lab3_live.py   1770  2.09s             1           0  0.97s           2025-10-21T00:38:51
================================================================================
[2025-10-21T00:39:55.643+0000] {manager.py:854} INFO - 
================================================================================
DAG File Processing Stats

File Path                                 PID  Runtime      # DAGs    # Errors  Last Runtime    Last Run
--------------------------------------  -----  ---------  --------  ----------  --------------  -------------------
/opt/airflow/dags/airflow_lab3_live.py   1799  0.02s             1           0  2.21s           2025-10-21T00:39:24
================================================================================
[2025-10-21T00:40:25.854+0000] {manager.py:854} INFO - 
================================================================================
DAG File Processing Stats

File Path                               PID    Runtime      # DAGs    # Errors  Last Runtime    Last Run
--------------------------------------  -----  ---------  --------  ----------  --------------  -------------------
/opt/airflow/dags/airflow_lab3_live.py                           1           0  1.82s           2025-10-21T00:39:57
================================================================================
[2025-10-21T00:40:56.313+0000] {manager.py:854} INFO - 
================================================================================
DAG File Processing Stats

File Path                               PID    Runtime      # DAGs    # Errors  Last Runtime    Last Run
--------------------------------------  -----  ---------  --------  ----------  --------------  -------------------
/opt/airflow/dags/airflow_lab3_live.py                           1           0  1.08s           2025-10-21T00:40:28
================================================================================
[2025-10-21T00:41:07.527+0000] {manager.py:726} INFO - Searching for files in /opt/airflow/dags
[2025-10-21T00:41:07.553+0000] {manager.py:729} INFO - There are 1 files in /opt/airflow/dags
[2025-10-21T00:41:26.946+0000] {manager.py:854} INFO - 
================================================================================
DAG File Processing Stats

File Path                               PID    Runtime      # DAGs    # Errors  Last Runtime    Last Run
--------------------------------------  -----  ---------  --------  ----------  --------------  -------------------
/opt/airflow/dags/airflow_lab3_live.py                           1           0  1.48s           2025-10-21T00:41:00
================================================================================
[2025-10-21T00:41:57.254+0000] {manager.py:854} INFO - 
================================================================================
DAG File Processing Stats

File Path                               PID    Runtime      # DAGs    # Errors  Last Runtime    Last Run
--------------------------------------  -----  ---------  --------  ----------  --------------  -------------------
/opt/airflow/dags/airflow_lab3_live.py                           1           0  0.98s           2025-10-21T00:41:31
================================================================================
[2025-10-21T00:42:27.525+0000] {manager.py:854} INFO - 
================================================================================
DAG File Processing Stats

File Path                               PID    Runtime      # DAGs    # Errors  Last Runtime    Last Run
--------------------------------------  -----  ---------  --------  ----------  --------------  -------------------
/opt/airflow/dags/airflow_lab3_live.py                           1           0  0.69s           2025-10-21T00:42:02
================================================================================
[2025-10-21T00:42:57.792+0000] {manager.py:854} INFO - 
================================================================================
DAG File Processing Stats

File Path                               PID    Runtime      # DAGs    # Errors  Last Runtime    Last Run
--------------------------------------  -----  ---------  --------  ----------  --------------  -------------------
/opt/airflow/dags/airflow_lab3_live.py                           1           0  0.67s           2025-10-21T00:42:33
================================================================================
[2025-10-21T00:43:28.126+0000] {manager.py:854} INFO - 
================================================================================
DAG File Processing Stats

File Path                               PID    Runtime      # DAGs    # Errors  Last Runtime    Last Run
--------------------------------------  -----  ---------  --------  ----------  --------------  -------------------
/opt/airflow/dags/airflow_lab3_live.py                           1           0  0.76s           2025-10-21T00:43:04
================================================================================
[2025-10-21T00:43:58.358+0000] {manager.py:854} INFO - 
================================================================================
DAG File Processing Stats

File Path                               PID    Runtime      # DAGs    # Errors  Last Runtime    Last Run
--------------------------------------  -----  ---------  --------  ----------  --------------  -------------------
/opt/airflow/dags/airflow_lab3_live.py                           1           0  0.67s           2025-10-21T00:43:35
================================================================================
[2025-10-21T00:44:28.654+0000] {manager.py:854} INFO - 
================================================================================
DAG File Processing Stats

File Path                               PID    Runtime      # DAGs    # Errors  Last Runtime    Last Run
--------------------------------------  -----  ---------  --------  ----------  --------------  -------------------
/opt/airflow/dags/airflow_lab3_live.py                           1           0  0.64s           2025-10-21T00:44:06
================================================================================
[2025-10-21T00:44:59.032+0000] {manager.py:854} INFO - 
================================================================================
DAG File Processing Stats

File Path                               PID    Runtime      # DAGs    # Errors  Last Runtime    Last Run
--------------------------------------  -----  ---------  --------  ----------  --------------  -------------------
/opt/airflow/dags/airflow_lab3_live.py                           1           0  0.65s           2025-10-21T00:44:37
================================================================================
[2025-10-21T00:45:29.123+0000] {manager.py:854} INFO - 
================================================================================
DAG File Processing Stats

File Path                               PID    Runtime      # DAGs    # Errors  Last Runtime    Last Run
--------------------------------------  -----  ---------  --------  ----------  --------------  -------------------
/opt/airflow/dags/airflow_lab3_live.py                           1           0  0.69s           2025-10-21T00:45:08
================================================================================
[2025-10-21T00:45:59.678+0000] {manager.py:854} INFO - 
================================================================================
DAG File Processing Stats

File Path                               PID    Runtime      # DAGs    # Errors  Last Runtime    Last Run
--------------------------------------  -----  ---------  --------  ----------  --------------  -------------------
/opt/airflow/dags/airflow_lab3_live.py                           1           0  0.74s           2025-10-21T00:45:39
================================================================================
[2025-10-21T00:46:07.741+0000] {manager.py:726} INFO - Searching for files in /opt/airflow/dags
[2025-10-21T00:46:07.750+0000] {manager.py:729} INFO - There are 1 files in /opt/airflow/dags
[2025-10-21T00:46:30.170+0000] {manager.py:854} INFO - 
================================================================================
DAG File Processing Stats

File Path                               PID    Runtime      # DAGs    # Errors  Last Runtime    Last Run
--------------------------------------  -----  ---------  --------  ----------  --------------  -------------------
/opt/airflow/dags/airflow_lab3_live.py                           1           0  0.77s           2025-10-21T00:46:11
================================================================================
[2025-10-21T00:47:00.553+0000] {manager.py:854} INFO - 
================================================================================
DAG File Processing Stats

File Path                               PID    Runtime      # DAGs    # Errors  Last Runtime    Last Run
--------------------------------------  -----  ---------  --------  ----------  --------------  -------------------
/opt/airflow/dags/airflow_lab3_live.py                           1           0  1.21s           2025-10-21T00:46:42
================================================================================
[2025-10-21T00:47:30.562+0000] {manager.py:854} INFO - 
================================================================================
DAG File Processing Stats

File Path                               PID    Runtime      # DAGs    # Errors  Last Runtime    Last Run
--------------------------------------  -----  ---------  --------  ----------  --------------  -------------------
/opt/airflow/dags/airflow_lab3_live.py                           1           0  0.68s           2025-10-21T00:47:13
================================================================================
[2025-10-21T00:48:01.535+0000] {manager.py:854} INFO - 
================================================================================
DAG File Processing Stats

File Path                               PID    Runtime      # DAGs    # Errors  Last Runtime    Last Run
--------------------------------------  -----  ---------  --------  ----------  --------------  -------------------
/opt/airflow/dags/airflow_lab3_live.py                           1           0  0.73s           2025-10-21T00:47:44
================================================================================
[2025-10-21T00:48:31.927+0000] {manager.py:854} INFO - 
================================================================================
DAG File Processing Stats

File Path                               PID    Runtime      # DAGs    # Errors  Last Runtime    Last Run
--------------------------------------  -----  ---------  --------  ----------  --------------  -------------------
/opt/airflow/dags/airflow_lab3_live.py                           1           0  1.09s           2025-10-21T00:48:15
================================================================================
[2025-10-21T00:49:02.024+0000] {manager.py:854} INFO - 
================================================================================
DAG File Processing Stats

File Path                               PID    Runtime      # DAGs    # Errors  Last Runtime    Last Run
--------------------------------------  -----  ---------  --------  ----------  --------------  -------------------
/opt/airflow/dags/airflow_lab3_live.py                           1           0  0.77s           2025-10-21T00:48:46
================================================================================
[2025-10-21T00:49:32.568+0000] {manager.py:854} INFO - 
================================================================================
DAG File Processing Stats

File Path                               PID    Runtime      # DAGs    # Errors  Last Runtime    Last Run
--------------------------------------  -----  ---------  --------  ----------  --------------  -------------------
/opt/airflow/dags/airflow_lab3_live.py                           1           0  1.34s           2025-10-21T00:49:18
================================================================================
[2025-10-21T00:50:03.010+0000] {manager.py:854} INFO - 
================================================================================
DAG File Processing Stats

File Path                               PID    Runtime      # DAGs    # Errors  Last Runtime    Last Run
--------------------------------------  -----  ---------  --------  ----------  --------------  -------------------
/opt/airflow/dags/airflow_lab3_live.py                           1           0  1.27s           2025-10-21T00:49:50
================================================================================
[2025-10-21T00:50:33.466+0000] {manager.py:854} INFO - 
================================================================================
DAG File Processing Stats

File Path                               PID    Runtime      # DAGs    # Errors  Last Runtime    Last Run
--------------------------------------  -----  ---------  --------  ----------  --------------  -------------------
/opt/airflow/dags/airflow_lab3_live.py                           1           0  1.51s           2025-10-21T00:50:21
================================================================================
[2025-10-21T00:51:03.811+0000] {manager.py:854} INFO - 
================================================================================
DAG File Processing Stats

File Path                               PID    Runtime      # DAGs    # Errors  Last Runtime    Last Run
--------------------------------------  -----  ---------  --------  ----------  --------------  -------------------
/opt/airflow/dags/airflow_lab3_live.py                           1           0  0.68s           2025-10-21T00:50:52
================================================================================
[2025-10-21T00:51:07.860+0000] {manager.py:726} INFO - Searching for files in /opt/airflow/dags
[2025-10-21T00:51:07.870+0000] {manager.py:729} INFO - There are 1 files in /opt/airflow/dags
[2025-10-21T00:51:33.938+0000] {manager.py:854} INFO - 
================================================================================
DAG File Processing Stats

File Path                               PID    Runtime      # DAGs    # Errors  Last Runtime    Last Run
--------------------------------------  -----  ---------  --------  ----------  --------------  -------------------
/opt/airflow/dags/airflow_lab3_live.py                           1           0  1.41s           2025-10-21T00:51:24
================================================================================
[2025-10-21T00:52:04.587+0000] {manager.py:854} INFO - 
================================================================================
DAG File Processing Stats

File Path                               PID    Runtime      # DAGs    # Errors  Last Runtime    Last Run
--------------------------------------  -----  ---------  --------  ----------  --------------  -------------------
/opt/airflow/dags/airflow_lab3_live.py                           1           0  1.31s           2025-10-21T00:51:56
================================================================================
[2025-10-21T00:52:35.056+0000] {manager.py:854} INFO - 
================================================================================
DAG File Processing Stats

File Path                               PID    Runtime      # DAGs    # Errors  Last Runtime    Last Run
--------------------------------------  -----  ---------  --------  ----------  --------------  -------------------
/opt/airflow/dags/airflow_lab3_live.py                           1           0  1.39s           2025-10-21T00:52:28
================================================================================
[2025-10-21T00:53:05.168+0000] {manager.py:854} INFO - 
================================================================================
DAG File Processing Stats

File Path                               PID    Runtime      # DAGs    # Errors  Last Runtime    Last Run
--------------------------------------  -----  ---------  --------  ----------  --------------  -------------------
/opt/airflow/dags/airflow_lab3_live.py                           1           0  0.83s           2025-10-21T00:52:59
================================================================================
[2025-10-21T00:53:35.301+0000] {manager.py:854} INFO - 
================================================================================
DAG File Processing Stats

File Path                               PID    Runtime      # DAGs    # Errors  Last Runtime    Last Run
--------------------------------------  -----  ---------  --------  ----------  --------------  -------------------
/opt/airflow/dags/airflow_lab3_live.py                           1           0  0.90s           2025-10-21T00:53:30
================================================================================
[2025-10-21T00:54:05.702+0000] {manager.py:854} INFO - 
================================================================================
DAG File Processing Stats

File Path                               PID    Runtime      # DAGs    # Errors  Last Runtime    Last Run
--------------------------------------  -----  ---------  --------  ----------  --------------  -------------------
/opt/airflow/dags/airflow_lab3_live.py                           1           0  1.25s           2025-10-21T00:54:01
================================================================================
[2025-10-21T00:54:36.201+0000] {manager.py:854} INFO - 
================================================================================
DAG File Processing Stats

File Path                               PID    Runtime      # DAGs    # Errors  Last Runtime    Last Run
--------------------------------------  -----  ---------  --------  ----------  --------------  -------------------
/opt/airflow/dags/airflow_lab3_live.py                           1           0  1.47s           2025-10-21T00:54:33
================================================================================
[2025-10-21T00:55:06.650+0000] {manager.py:854} INFO - 
================================================================================
DAG File Processing Stats

File Path                               PID    Runtime      # DAGs    # Errors  Last Runtime    Last Run
--------------------------------------  -----  ---------  --------  ----------  --------------  -------------------
/opt/airflow/dags/airflow_lab3_live.py                           1           0  1.78s           2025-10-21T00:55:05
================================================================================
[2025-10-21T00:55:37.383+0000] {manager.py:854} INFO - 
================================================================================
DAG File Processing Stats

File Path                               PID    Runtime      # DAGs    # Errors  Last Runtime    Last Run
--------------------------------------  -----  ---------  --------  ----------  --------------  -------------------
/opt/airflow/dags/airflow_lab3_live.py                           1           0  0.86s           2025-10-21T00:55:37
================================================================================
[2025-10-21T00:56:07.960+0000] {manager.py:726} INFO - Searching for files in /opt/airflow/dags
[2025-10-21T00:56:07.978+0000] {manager.py:729} INFO - There are 1 files in /opt/airflow/dags
[2025-10-21T00:56:08.012+0000] {manager.py:854} INFO - 
================================================================================
DAG File Processing Stats

File Path                                 PID  Runtime      # DAGs    # Errors  Last Runtime    Last Run
--------------------------------------  -----  ---------  --------  ----------  --------------  -------------------
/opt/airflow/dags/airflow_lab3_live.py   3008  0.01s             1           0  0.86s           2025-10-21T00:55:37
================================================================================
[2025-10-21T00:56:38.196+0000] {manager.py:854} INFO - 
================================================================================
DAG File Processing Stats

File Path                               PID    Runtime      # DAGs    # Errors  Last Runtime    Last Run
--------------------------------------  -----  ---------  --------  ----------  --------------  -------------------
/opt/airflow/dags/airflow_lab3_live.py                           1           0  0.77s           2025-10-21T00:56:08
================================================================================
[2025-10-21T00:57:08.400+0000] {manager.py:854} INFO - 
================================================================================
DAG File Processing Stats

File Path                               PID    Runtime      # DAGs    # Errors  Last Runtime    Last Run
--------------------------------------  -----  ---------  --------  ----------  --------------  -------------------
/opt/airflow/dags/airflow_lab3_live.py                           1           0  0.87s           2025-10-21T00:56:40
================================================================================
[2025-10-21T00:57:38.464+0000] {manager.py:854} INFO - 
================================================================================
DAG File Processing Stats

File Path                               PID    Runtime      # DAGs    # Errors  Last Runtime    Last Run
--------------------------------------  -----  ---------  --------  ----------  --------------  -------------------
/opt/airflow/dags/airflow_lab3_live.py                           1           0  0.77s           2025-10-21T00:57:11
================================================================================
[2025-10-21T00:58:08.660+0000] {manager.py:854} INFO - 
================================================================================
DAG File Processing Stats

File Path                               PID    Runtime      # DAGs    # Errors  Last Runtime    Last Run
--------------------------------------  -----  ---------  --------  ----------  --------------  -------------------
/opt/airflow/dags/airflow_lab3_live.py                           1           0  0.91s           2025-10-21T00:57:42
================================================================================
[2025-10-21T00:58:38.894+0000] {manager.py:854} INFO - 
================================================================================
DAG File Processing Stats

File Path                               PID    Runtime      # DAGs    # Errors  Last Runtime    Last Run
--------------------------------------  -----  ---------  --------  ----------  --------------  -------------------
/opt/airflow/dags/airflow_lab3_live.py                           1           0  0.78s           2025-10-21T00:58:13
================================================================================
[2025-10-21T00:59:09.181+0000] {manager.py:854} INFO - 
================================================================================
DAG File Processing Stats

File Path                               PID    Runtime      # DAGs    # Errors  Last Runtime    Last Run
--------------------------------------  -----  ---------  --------  ----------  --------------  -------------------
/opt/airflow/dags/airflow_lab3_live.py                           1           0  0.86s           2025-10-21T00:58:44
================================================================================
